2014-11-05 11:58:28,860 INFO  [main] resolver.Database - Host name aliases for this server are: [localhost, s21sm, 130.234.180.56, S21SM, 127.0.0.1]
2014-11-05 11:58:47,818 ERROR [main] server.EmbeddedMulgaraServer - Exception in main
java.security.AccessControlException: access denied ("java.net.SocketPermission" "localhost:8080" "listen,resolve")
	at java.security.AccessControlContext.checkPermission(Unknown Source)
	at java.security.AccessController.checkPermission(Unknown Source)
	at java.lang.SecurityManager.checkPermission(Unknown Source)
	at java.lang.SecurityManager.checkListen(Unknown Source)
	at sun.nio.ch.ServerSocketChannelImpl.bind(Unknown Source)
	at sun.nio.ch.ServerSocketAdaptor.bind(Unknown Source)
	at org.eclipse.jetty.server.nio.BlockingChannelConnector.open(BlockingChannelConnector.java:119)
	at org.eclipse.jetty.server.AbstractConnector.doStart(AbstractConnector.java:358)
	at org.eclipse.jetty.server.nio.BlockingChannelConnector.doStart(BlockingChannelConnector.java:77)
	at org.eclipse.jetty.util.component.AbstractLifeCycle.start(AbstractLifeCycle.java:55)
	at org.eclipse.jetty.server.Server.doStart(Server.java:253)
	at org.eclipse.jetty.util.component.AbstractLifeCycle.start(AbstractLifeCycle.java:55)
	at org.mulgara.server.HttpServicesImpl.start(HttpServicesImpl.java:155)
	at org.mulgara.server.EmbeddedMulgaraServer.startServices(EmbeddedMulgaraServer.java:423)
	at org.mulgara.server.EmbeddedMulgaraServer.main(EmbeddedMulgaraServer.java:187)
2014-11-05 12:10:43,444 INFO  [main] resolver.Database - Host name aliases for this server are: [localhost, s21sm, 130.234.180.56, S21SM, 127.0.0.1]
2014-11-05 12:10:50,772 ERROR [main] server.EmbeddedMulgaraServer - Exception in main
java.security.AccessControlException: access denied ("java.net.SocketPermission" "localhost:8080" "listen,resolve")
	at java.security.AccessControlContext.checkPermission(Unknown Source)
	at java.security.AccessController.checkPermission(Unknown Source)
	at java.lang.SecurityManager.checkPermission(Unknown Source)
	at java.lang.SecurityManager.checkListen(Unknown Source)
	at sun.nio.ch.ServerSocketChannelImpl.bind(Unknown Source)
	at sun.nio.ch.ServerSocketAdaptor.bind(Unknown Source)
	at org.eclipse.jetty.server.nio.BlockingChannelConnector.open(BlockingChannelConnector.java:119)
	at org.eclipse.jetty.server.AbstractConnector.doStart(AbstractConnector.java:358)
	at org.eclipse.jetty.server.nio.BlockingChannelConnector.doStart(BlockingChannelConnector.java:77)
	at org.eclipse.jetty.util.component.AbstractLifeCycle.start(AbstractLifeCycle.java:55)
	at org.eclipse.jetty.server.Server.doStart(Server.java:253)
	at org.eclipse.jetty.util.component.AbstractLifeCycle.start(AbstractLifeCycle.java:55)
	at org.mulgara.server.HttpServicesImpl.start(HttpServicesImpl.java:155)
	at org.mulgara.server.EmbeddedMulgaraServer.startServices(EmbeddedMulgaraServer.java:423)
	at org.mulgara.server.EmbeddedMulgaraServer.main(EmbeddedMulgaraServer.java:187)
2014-11-05 12:11:45,725 INFO  [main] resolver.Database - Host name aliases for this server are: [localhost, s21sm, 130.234.180.56, S21SM, 127.0.0.1]
2014-11-05 12:11:53,171 ERROR [main] server.EmbeddedMulgaraServer - Exception in main
java.security.AccessControlException: access denied ("java.net.SocketPermission" "localhost:8080" "listen,resolve")
	at java.security.AccessControlContext.checkPermission(Unknown Source)
	at java.security.AccessController.checkPermission(Unknown Source)
	at java.lang.SecurityManager.checkPermission(Unknown Source)
	at java.lang.SecurityManager.checkListen(Unknown Source)
	at sun.nio.ch.ServerSocketChannelImpl.bind(Unknown Source)
	at sun.nio.ch.ServerSocketAdaptor.bind(Unknown Source)
	at org.eclipse.jetty.server.nio.BlockingChannelConnector.open(BlockingChannelConnector.java:119)
	at org.eclipse.jetty.server.AbstractConnector.doStart(AbstractConnector.java:358)
	at org.eclipse.jetty.server.nio.BlockingChannelConnector.doStart(BlockingChannelConnector.java:77)
	at org.eclipse.jetty.util.component.AbstractLifeCycle.start(AbstractLifeCycle.java:55)
	at org.eclipse.jetty.server.Server.doStart(Server.java:253)
	at org.eclipse.jetty.util.component.AbstractLifeCycle.start(AbstractLifeCycle.java:55)
	at org.mulgara.server.HttpServicesImpl.start(HttpServicesImpl.java:155)
	at org.mulgara.server.EmbeddedMulgaraServer.startServices(EmbeddedMulgaraServer.java:423)
	at org.mulgara.server.EmbeddedMulgaraServer.main(EmbeddedMulgaraServer.java:187)
2014-11-05 12:13:08,833 INFO  [main] resolver.Database - Host name aliases for this server are: [localhost, s21sm, 130.234.180.56, S21SM, 127.0.0.1]
2014-11-05 12:13:16,431 ERROR [main] server.EmbeddedMulgaraServer - Exception in main
java.security.AccessControlException: access denied ("java.net.SocketPermission" "localhost:8080" "listen,resolve")
	at java.security.AccessControlContext.checkPermission(Unknown Source)
	at java.security.AccessController.checkPermission(Unknown Source)
	at java.lang.SecurityManager.checkPermission(Unknown Source)
	at java.lang.SecurityManager.checkListen(Unknown Source)
	at sun.nio.ch.ServerSocketChannelImpl.bind(Unknown Source)
	at sun.nio.ch.ServerSocketAdaptor.bind(Unknown Source)
	at org.eclipse.jetty.server.nio.BlockingChannelConnector.open(BlockingChannelConnector.java:119)
	at org.eclipse.jetty.server.AbstractConnector.doStart(AbstractConnector.java:358)
	at org.eclipse.jetty.server.nio.BlockingChannelConnector.doStart(BlockingChannelConnector.java:77)
	at org.eclipse.jetty.util.component.AbstractLifeCycle.start(AbstractLifeCycle.java:55)
	at org.eclipse.jetty.server.Server.doStart(Server.java:253)
	at org.eclipse.jetty.util.component.AbstractLifeCycle.start(AbstractLifeCycle.java:55)
	at org.mulgara.server.HttpServicesImpl.start(HttpServicesImpl.java:155)
	at org.mulgara.server.EmbeddedMulgaraServer.startServices(EmbeddedMulgaraServer.java:423)
	at org.mulgara.server.EmbeddedMulgaraServer.main(EmbeddedMulgaraServer.java:187)
2014-11-05 12:16:40,124 INFO  [main] resolver.Database - Host name aliases for this server are: [localhost, s21sm, 130.234.180.56, S21SM, 127.0.0.1]
2014-11-05 12:16:47,741 ERROR [main] server.EmbeddedMulgaraServer - Exception in main
java.security.AccessControlException: access denied ("java.net.SocketPermission" "localhost:8080" "listen,resolve")
	at java.security.AccessControlContext.checkPermission(Unknown Source)
	at java.security.AccessController.checkPermission(Unknown Source)
	at java.lang.SecurityManager.checkPermission(Unknown Source)
	at java.lang.SecurityManager.checkListen(Unknown Source)
	at sun.nio.ch.ServerSocketChannelImpl.bind(Unknown Source)
	at sun.nio.ch.ServerSocketAdaptor.bind(Unknown Source)
	at org.eclipse.jetty.server.nio.BlockingChannelConnector.open(BlockingChannelConnector.java:119)
	at org.eclipse.jetty.server.AbstractConnector.doStart(AbstractConnector.java:358)
	at org.eclipse.jetty.server.nio.BlockingChannelConnector.doStart(BlockingChannelConnector.java:77)
	at org.eclipse.jetty.util.component.AbstractLifeCycle.start(AbstractLifeCycle.java:55)
	at org.eclipse.jetty.server.Server.doStart(Server.java:253)
	at org.eclipse.jetty.util.component.AbstractLifeCycle.start(AbstractLifeCycle.java:55)
	at org.mulgara.server.HttpServicesImpl.start(HttpServicesImpl.java:155)
	at org.mulgara.server.EmbeddedMulgaraServer.startServices(EmbeddedMulgaraServer.java:423)
	at org.mulgara.server.EmbeddedMulgaraServer.main(EmbeddedMulgaraServer.java:187)
